#
# There is insufficient memory for the Java Runtime Environment to continue.
# Native memory allocation (malloc) failed to allocate 32744 bytes. Error detail: ChunkPool::allocate
# Possible reasons:
#   The system is out of physical RAM or swap space
#   This process is running with CompressedOops enabled, and the Java Heap may be blocking the growth of the native heap
# Possible solutions:
#   Reduce memory load on the system
#   Increase physical memory or swap space
#   Check if swap backing store is full
#   Decrease Java heap size (-Xmx/-Xms)
#   Decrease number of Java threads
#   Decrease Java thread stack sizes (-Xss)
#   Set larger code cache with -XX:ReservedCodeCacheSize=
#   JVM is running with Unscaled Compressed Oops mode in which the Java heap is
#     placed in the first 4GB address space. The Java Heap base address is the
#     maximum limit for the native heap growth. Please use -XX:HeapBaseMinAddress
#     to set the Java Heap base and to place the Java Heap above 4GB virtual address.
# This output file may be truncated or incomplete.
#
#  Out of Memory Error (arena.cpp:79), pid=10032, tid=20788
#
# JRE version: OpenJDK Runtime Environment Temurin-17.0.12+7 (17.0.12+7) (build 17.0.12+7)
# Java VM: OpenJDK 64-Bit Server VM Temurin-17.0.12+7 (17.0.12+7, mixed mode, emulated-client, tiered, compressed oops, compressed class ptrs, g1 gc, windows-amd64)
# No core dump will be written. Minidumps are not enabled by default on client versions of Windows
#

---------------  S U M M A R Y ------------

Command Line: -Xmx1024m -Dsts.lsp.client=vscode -Dsts.log.file=/dev/null -XX:TieredStopAtLevel=1 -Xlog:jni+resolve=off c:\Users\Edgar\.vscode\extensions\vmware.vscode-spring-boot-1.57.0\language-server\spring-boot-language-server-1.57.0-SNAPSHOT-exec.jar

Host: Intel(R) Core(TM) i5-5200U CPU @ 2.20GHz, 4 cores, 3G,  Windows 10 , 64 bit Build 19041 (10.0.19041.4842)
Time: Thu Sep 19 08:16:41 2024 Hora est. Pacífico, Sudamérica elapsed time: 13.854938 seconds (0d 0h 0m 13s)

---------------  T H R E A D  ---------------

Current thread (0x000001f2705044b0):  JavaThread "C1 CompilerThread0" daemon [_thread_in_native, id=20788, stack(0x000000c5ef100000,0x000000c5ef200000)]


Current CompileTask:
C1:  13855 1257       1       java.net.URLStreamHandler::parseURL (1201 bytes)

Stack: [0x000000c5ef100000,0x000000c5ef200000]
Native frames: (J=compiled Java code, j=interpreted, Vv=VM code, C=native code)
V  [jvm.dll+0x67f929]
V  [jvm.dll+0x8371ba]
V  [jvm.dll+0x838c7e]
V  [jvm.dll+0x8392e3]
V  [jvm.dll+0x24834f]
V  [jvm.dll+0xacbd1]
V  [jvm.dll+0xad01c]
V  [jvm.dll+0x178253]
V  [jvm.dll+0x17831d]
V  [jvm.dll+0x17ab01]
V  [jvm.dll+0x17c621]
V  [jvm.dll+0x136bc3]
V  [jvm.dll+0x1364cf]
V  [jvm.dll+0x136706]
V  [jvm.dll+0x135b9a]
V  [jvm.dll+0x137851]
V  [jvm.dll+0x229a2d]
V  [jvm.dll+0x227bdc]
V  [jvm.dll+0x7ec1f7]
V  [jvm.dll+0x7e65dc]
V  [jvm.dll+0x67e7f7]
C  [ucrtbase.dll+0x21bb2]
C  [KERNEL32.DLL+0x17374]
C  [ntdll.dll+0x4cc91]


---------------  P R O C E S S  ---------------

Threads class SMR info:
_java_thread_list=0x000001f270776c30, length=11, elements={
0x000001f265f5cf30, 0x000001f2704aa390, 0x000001f2704abe40, 0x000001f2704dc810,
0x000001f2704dd2e0, 0x000001f270503130, 0x000001f270503af0, 0x000001f2705044b0,
0x000001f270507df0, 0x000001f270763170, 0x000001f270776c90
}

Java Threads: ( => current thread )
  0x000001f265f5cf30 JavaThread "main" [_thread_in_native, id=10128, stack(0x000000c5ee400000,0x000000c5ee500000)]
  0x000001f2704aa390 JavaThread "Reference Handler" daemon [_thread_blocked, id=20572, stack(0x000000c5eeb00000,0x000000c5eec00000)]
  0x000001f2704abe40 JavaThread "Finalizer" daemon [_thread_blocked, id=20132, stack(0x000000c5eec00000,0x000000c5eed00000)]
  0x000001f2704dc810 JavaThread "Signal Dispatcher" daemon [_thread_blocked, id=10268, stack(0x000000c5eed00000,0x000000c5eee00000)]
  0x000001f2704dd2e0 JavaThread "Attach Listener" daemon [_thread_blocked, id=7176, stack(0x000000c5eee00000,0x000000c5eef00000)]
  0x000001f270503130 JavaThread "Service Thread" daemon [_thread_blocked, id=7312, stack(0x000000c5eef00000,0x000000c5ef000000)]
  0x000001f270503af0 JavaThread "Monitor Deflation Thread" daemon [_thread_blocked, id=1828, stack(0x000000c5ef000000,0x000000c5ef100000)]
=>0x000001f2705044b0 JavaThread "C1 CompilerThread0" daemon [_thread_in_native, id=20788, stack(0x000000c5ef100000,0x000000c5ef200000)]
  0x000001f270507df0 JavaThread "Sweeper thread" daemon [_thread_blocked, id=12336, stack(0x000000c5ef200000,0x000000c5ef300000)]
  0x000001f270763170 JavaThread "Notification Thread" daemon [_thread_blocked, id=10628, stack(0x000000c5ef300000,0x000000c5ef400000)]
  0x000001f270776c90 JavaThread "Common-Cleaner" daemon [_thread_blocked, id=944, stack(0x000000c5ef500000,0x000000c5ef600000)]

Other Threads:
  0x000001f270493530 VMThread "VM Thread" [stack: 0x000000c5eea00000,0x000000c5eeb00000] [id=632]
  0x000001f270764070 WatcherThread [stack: 0x000000c5ef400000,0x000000c5ef500000] [id=1776]
  0x000001f265f97cc0 GCTaskThread "GC Thread#0" [stack: 0x000000c5ee500000,0x000000c5ee600000] [id=9364]
  0x000001f2754116a0 GCTaskThread "GC Thread#1" [stack: 0x000000c5ef600000,0x000000c5ef700000] [id=20204]
  0x000001f27541d070 GCTaskThread "GC Thread#2" [stack: 0x000000c5ef700000,0x000000c5ef800000] [id=14764]
  0x000001f27091a100 GCTaskThread "GC Thread#3" [stack: 0x000000c5ef800000,0x000000c5ef900000] [id=664]
  0x000001f265fa0c10 ConcurrentGCThread "G1 Main Marker" [stack: 0x000000c5ee600000,0x000000c5ee700000] [id=19312]
  0x000001f265fa1dd0 ConcurrentGCThread "G1 Conc#0" [stack: 0x000000c5ee700000,0x000000c5ee800000] [id=19188]
  0x000001f265ff1300 ConcurrentGCThread "G1 Refine#0" [stack: 0x000000c5ee800000,0x000000c5ee900000] [id=19500]
  0x000001f265ff1d30 ConcurrentGCThread "G1 Service" [stack: 0x000000c5ee900000,0x000000c5eea00000] [id=20804]

Threads with active compile tasks:
C1 CompilerThread0    15301 1257       1       java.net.URLStreamHandler::parseURL (1201 bytes)

VM state: not at safepoint (normal execution)

VM Mutex/Monitor currently owned by a thread: None

Heap address: 0x00000000c0000000, size: 1024 MB, Compressed Oops mode: 32-bit

CDS archive(s) not mapped
Compressed class space mapped at: 0x0000000100000000-0x0000000140000000, reserved size: 1073741824
Narrow klass base: 0x0000000000000000, Narrow klass shift: 3, Narrow klass range: 0x140000000

GC Precious Log:
 CPUs: 4 total, 4 available
 Memory: 4011M
 Large Page Support: Disabled
 NUMA Support: Disabled
 Compressed Oops: Enabled (32-bit)
 Heap Region Size: 1M
 Heap Min Capacity: 8M
 Heap Initial Capacity: 64M
 Heap Max Capacity: 1G
 Pre-touch: Disabled
 Parallel Workers: 4
 Concurrent Workers: 1
 Concurrent Refinement Workers: 4
 Periodic GC: Disabled

Heap:
 garbage-first heap   total 65536K, used 25655K [0x00000000c0000000, 0x0000000100000000)
  region size 1024K, 11 young (11264K), 2 survivors (2048K)
 Metaspace       used 14973K, committed 15168K, reserved 1114112K
  class space    used 1897K, committed 1984K, reserved 1048576K

Heap Regions: E=young(eden), S=young(survivor), O=old, HS=humongous(starts), HC=humongous(continues), CS=collection set, F=free, OA=open archive, CA=closed archive, TAMS=top-at-mark-start (previous, next)
|   0|0x00000000c0000000, 0x00000000c0100000, 0x00000000c0100000|100%|HS|  |TAMS 0x00000000c0000000, 0x00000000c0000000| Complete 
|   1|0x00000000c0100000, 0x00000000c0200000, 0x00000000c0200000|100%|HC|  |TAMS 0x00000000c0100000, 0x00000000c0100000| Complete 
|   2|0x00000000c0200000, 0x00000000c0300000, 0x00000000c0300000|100%|HC|  |TAMS 0x00000000c0200000, 0x00000000c0200000| Complete 
|   3|0x00000000c0300000, 0x00000000c0400000, 0x00000000c0400000|100%|HC|  |TAMS 0x00000000c0300000, 0x00000000c0300000| Complete 
|   4|0x00000000c0400000, 0x00000000c0500000, 0x00000000c0500000|100%|HS|  |TAMS 0x00000000c0400000, 0x00000000c0400000| Complete 
|   5|0x00000000c0500000, 0x00000000c0600000, 0x00000000c0600000|100%|HC|  |TAMS 0x00000000c0500000, 0x00000000c0500000| Complete 
|   6|0x00000000c0600000, 0x00000000c0700000, 0x00000000c0700000|100%| O|  |TAMS 0x00000000c0600000, 0x00000000c0600000| Untracked 
|   7|0x00000000c0700000, 0x00000000c0800000, 0x00000000c0800000|100%| O|  |TAMS 0x00000000c0700000, 0x00000000c0700000| Untracked 
|   8|0x00000000c0800000, 0x00000000c0900000, 0x00000000c0900000|100%| O|  |TAMS 0x00000000c0800000, 0x00000000c0800000| Untracked 
|   9|0x00000000c0900000, 0x00000000c0a00000, 0x00000000c0a00000|100%| O|  |TAMS 0x00000000c0900000, 0x00000000c0900000| Untracked 
|  10|0x00000000c0a00000, 0x00000000c0b00000, 0x00000000c0b00000|100%| O|  |TAMS 0x00000000c0a00000, 0x00000000c0a00000| Untracked 
|  11|0x00000000c0b00000, 0x00000000c0c00000, 0x00000000c0c00000|100%| O|  |TAMS 0x00000000c0b00000, 0x00000000c0b00000| Untracked 
|  12|0x00000000c0c00000, 0x00000000c0d00000, 0x00000000c0d00000|100%| O|  |TAMS 0x00000000c0c00000, 0x00000000c0c00000| Untracked 
|  13|0x00000000c0d00000, 0x00000000c0e00000, 0x00000000c0e00000|100%| O|  |TAMS 0x00000000c0d00000, 0x00000000c0d00000| Untracked 
|  14|0x00000000c0e00000, 0x00000000c0f00000, 0x00000000c0f00000|100%| O|  |TAMS 0x00000000c0e00000, 0x00000000c0e00000| Untracked 
|  15|0x00000000c0f00000, 0x00000000c0f0de00, 0x00000000c1000000|  5%| O|  |TAMS 0x00000000c0f00000, 0x00000000c0f00000| Untracked 
|  16|0x00000000c1000000, 0x00000000c1000000, 0x00000000c1100000|  0%| F|  |TAMS 0x00000000c1000000, 0x00000000c1000000| Untracked 
|  17|0x00000000c1100000, 0x00000000c1100000, 0x00000000c1200000|  0%| F|  |TAMS 0x00000000c1100000, 0x00000000c1100000| Untracked 
|  18|0x00000000c1200000, 0x00000000c1200000, 0x00000000c1300000|  0%| F|  |TAMS 0x00000000c1200000, 0x00000000c1200000| Untracked 
|  19|0x00000000c1300000, 0x00000000c1300000, 0x00000000c1400000|  0%| F|  |TAMS 0x00000000c1300000, 0x00000000c1300000| Untracked 
|  20|0x00000000c1400000, 0x00000000c1400000, 0x00000000c1500000|  0%| F|  |TAMS 0x00000000c1400000, 0x00000000c1400000| Untracked 
|  21|0x00000000c1500000, 0x00000000c1500000, 0x00000000c1600000|  0%| F|  |TAMS 0x00000000c1500000, 0x00000000c1500000| Untracked 
|  22|0x00000000c1600000, 0x00000000c1600000, 0x00000000c1700000|  0%| F|  |TAMS 0x00000000c1600000, 0x00000000c1600000| Untracked 
|  23|0x00000000c1700000, 0x00000000c1700000, 0x00000000c1800000|  0%| F|  |TAMS 0x00000000c1700000, 0x00000000c1700000| Untracked 
|  24|0x00000000c1800000, 0x00000000c1800000, 0x00000000c1900000|  0%| F|  |TAMS 0x00000000c1800000, 0x00000000c1800000| Untracked 
|  25|0x00000000c1900000, 0x00000000c1900000, 0x00000000c1a00000|  0%| F|  |TAMS 0x00000000c1900000, 0x00000000c1900000| Untracked 
|  26|0x00000000c1a00000, 0x00000000c1a00000, 0x00000000c1b00000|  0%| F|  |TAMS 0x00000000c1a00000, 0x00000000c1a00000| Untracked 
|  27|0x00000000c1b00000, 0x00000000c1b00000, 0x00000000c1c00000|  0%| F|  |TAMS 0x00000000c1b00000, 0x00000000c1b00000| Untracked 
|  28|0x00000000c1c00000, 0x00000000c1c00000, 0x00000000c1d00000|  0%| F|  |TAMS 0x00000000c1c00000, 0x00000000c1c00000| Untracked 
|  29|0x00000000c1d00000, 0x00000000c1d00000, 0x00000000c1e00000|  0%| F|  |TAMS 0x00000000c1d00000, 0x00000000c1d00000| Untracked 
|  30|0x00000000c1e00000, 0x00000000c1e00000, 0x00000000c1f00000|  0%| F|  |TAMS 0x00000000c1e00000, 0x00000000c1e00000| Untracked 
|  31|0x00000000c1f00000, 0x00000000c1f00000, 0x00000000c2000000|  0%| F|  |TAMS 0x00000000c1f00000, 0x00000000c1f00000| Untracked 
|  32|0x00000000c2000000, 0x00000000c2000000, 0x00000000c2100000|  0%| F|  |TAMS 0x00000000c2000000, 0x00000000c2000000| Untracked 
|  33|0x00000000c2100000, 0x00000000c2100000, 0x00000000c2200000|  0%| F|  |TAMS 0x00000000c2100000, 0x00000000c2100000| Untracked 
|  34|0x00000000c2200000, 0x00000000c2200000, 0x00000000c2300000|  0%| F|  |TAMS 0x00000000c2200000, 0x00000000c2200000| Untracked 
|  35|0x00000000c2300000, 0x00000000c2300000, 0x00000000c2400000|  0%| F|  |TAMS 0x00000000c2300000, 0x00000000c2300000| Untracked 
|  36|0x00000000c2400000, 0x00000000c2400000, 0x00000000c2500000|  0%| F|  |TAMS 0x00000000c2400000, 0x00000000c2400000| Untracked 
|  37|0x00000000c2500000, 0x00000000c2500000, 0x00000000c2600000|  0%| F|  |TAMS 0x00000000c2500000, 0x00000000c2500000| Untracked 
|  38|0x00000000c2600000, 0x00000000c2600000, 0x00000000c2700000|  0%| F|  |TAMS 0x00000000c2600000, 0x00000000c2600000| Untracked 
|  39|0x00000000c2700000, 0x00000000c2700000, 0x00000000c2800000|  0%| F|  |TAMS 0x00000000c2700000, 0x00000000c2700000| Untracked 
|  40|0x00000000c2800000, 0x00000000c2800000, 0x00000000c2900000|  0%| F|  |TAMS 0x00000000c2800000, 0x00000000c2800000| Untracked 
|  41|0x00000000c2900000, 0x00000000c2900000, 0x00000000c2a00000|  0%| F|  |TAMS 0x00000000c2900000, 0x00000000c2900000| Untracked 
|  42|0x00000000c2a00000, 0x00000000c2a00000, 0x00000000c2b00000|  0%| F|  |TAMS 0x00000000c2a00000, 0x00000000c2a00000| Untracked 
|  43|0x00000000c2b00000, 0x00000000c2b00000, 0x00000000c2c00000|  0%| F|  |TAMS 0x00000000c2b00000, 0x00000000c2b00000| Untracked 
|  44|0x00000000c2c00000, 0x00000000c2c00000, 0x00000000c2d00000|  0%| F|  |TAMS 0x00000000c2c00000, 0x00000000c2c00000| Untracked 
|  45|0x00000000c2d00000, 0x00000000c2d00000, 0x00000000c2e00000|  0%| F|  |TAMS 0x00000000c2d00000, 0x00000000c2d00000| Untracked 
|  46|0x00000000c2e00000, 0x00000000c2e00000, 0x00000000c2f00000|  0%| F|  |TAMS 0x00000000c2e00000, 0x00000000c2e00000| Untracked 
|  47|0x00000000c2f00000, 0x00000000c3000000, 0x00000000c3000000|100%| S|CS|TAMS 0x00000000c2f00000, 0x00000000c2f00000| Complete 
|  48|0x00000000c3000000, 0x00000000c3100000, 0x00000000c3100000|100%| S|CS|TAMS 0x00000000c3000000, 0x00000000c3000000| Complete 
|  49|0x00000000c3100000, 0x00000000c3100000, 0x00000000c3200000|  0%| F|  |TAMS 0x00000000c3100000, 0x00000000c3100000| Untracked 
|  50|0x00000000c3200000, 0x00000000c3200000, 0x00000000c3300000|  0%| F|  |TAMS 0x00000000c3200000, 0x00000000c3200000| Untracked 
|  51|0x00000000c3300000, 0x00000000c3300000, 0x00000000c3400000|  0%| F|  |TAMS 0x00000000c3300000, 0x00000000c3300000| Untracked 
|  52|0x00000000c3400000, 0x00000000c3400000, 0x00000000c3500000|  0%| F|  |TAMS 0x00000000c3400000, 0x00000000c3400000| Untracked 
|  53|0x00000000c3500000, 0x00000000c3500000, 0x00000000c3600000|  0%| F|  |TAMS 0x00000000c3500000, 0x00000000c3500000| Untracked 
|  54|0x00000000c3600000, 0x00000000c3600000, 0x00000000c3700000|  0%| F|  |TAMS 0x00000000c3600000, 0x00000000c3600000| Untracked 
|  55|0x00000000c3700000, 0x00000000c37f5848, 0x00000000c3800000| 95%| E|  |TAMS 0x00000000c3700000, 0x00000000c3700000| Complete 
|  56|0x00000000c3800000, 0x00000000c3900000, 0x00000000c3900000|100%| E|CS|TAMS 0x00000000c3800000, 0x00000000c3800000| Complete 
|  57|0x00000000c3900000, 0x00000000c3a00000, 0x00000000c3a00000|100%| E|CS|TAMS 0x00000000c3900000, 0x00000000c3900000| Complete 
|  58|0x00000000c3a00000, 0x00000000c3b00000, 0x00000000c3b00000|100%| E|CS|TAMS 0x00000000c3a00000, 0x00000000c3a00000| Complete 
|  59|0x00000000c3b00000, 0x00000000c3c00000, 0x00000000c3c00000|100%| E|CS|TAMS 0x00000000c3b00000, 0x00000000c3b00000| Complete 
|  60|0x00000000c3c00000, 0x00000000c3d00000, 0x00000000c3d00000|100%| E|CS|TAMS 0x00000000c3c00000, 0x00000000c3c00000| Complete 
|  61|0x00000000c3d00000, 0x00000000c3e00000, 0x00000000c3e00000|100%| E|CS|TAMS 0x00000000c3d00000, 0x00000000c3d00000| Complete 
|  62|0x00000000c3e00000, 0x00000000c3f00000, 0x00000000c3f00000|100%| E|CS|TAMS 0x00000000c3e00000, 0x00000000c3e00000| Complete 
|  63|0x00000000c3f00000, 0x00000000c4000000, 0x00000000c4000000|100%| E|CS|TAMS 0x00000000c3f00000, 0x00000000c3f00000| Complete 

Card table byte_map: [0x000001f26bc00000,0x000001f26be00000] _byte_map_base: 0x000001f26b600000

Marking Bits (Prev, Next): (CMBitMap*) 0x000001f265f982e0, (CMBitMap*) 0x000001f265f98320
 Prev Bits: [0x000001f26c000000, 0x000001f26d000000)
 Next Bits: [0x000001f26d000000, 0x000001f26e000000)

Polling page: 0x000001f263ce0000

Metaspace:

Usage:
  Non-class:     12.78 MB used.
      Class:      1.86 MB used.
       Both:     14.64 MB used.

Virtual space:
  Non-class space:       64.00 MB reserved,      12.88 MB ( 20%) committed,  1 nodes.
      Class space:        1.00 GB reserved,       1.94 MB ( <1%) committed,  1 nodes.
             Both:        1.06 GB reserved,      14.81 MB (  1%) committed. 

Chunk freelists:
   Non-Class:  3.14 MB
       Class:  14.08 MB
        Both:  17.22 MB

MaxMetaspaceSize: unlimited
CompressedClassSpaceSize: 1.00 GB
Initial GC threshold: 21.00 MB
Current GC threshold: 21.00 MB
CDS: off
MetaspaceReclaimPolicy: balanced
 - commit_granule_bytes: 65536.
 - commit_granule_words: 8192.
 - virtual_space_node_default_size: 8388608.
 - enlarge_chunks_in_place: 1.
 - new_chunks_are_fully_committed: 0.
 - uncommit_free_chunks: 1.
 - use_allocation_guard: 0.
 - handle_deallocations: 1.


Internal statistics:

num_allocs_failed_limit: 0.
num_arena_births: 166.
num_arena_deaths: 0.
num_vsnodes_births: 2.
num_vsnodes_deaths: 0.
num_space_committed: 237.
num_space_uncommitted: 0.
num_chunks_returned_to_freelist: 0.
num_chunks_taken_from_freelist: 458.
num_chunk_merges: 0.
num_chunk_splits: 293.
num_chunks_enlarged: 229.
num_inconsistent_stats: 0.

CodeCache: size=49152Kb used=2947Kb max_used=2947Kb free=46205Kb
 bounds [0x000001f268c00000, 0x000001f268ef0000, 0x000001f26bc00000]
 total_blobs=1694 nmethods=1268 adapters=354
 compilation: enabled
              stopped_count=0, restarted_count=0
 full_count=0

Compilation events (20 events):
Event: 13.663 Thread 0x000001f2705044b0 nmethod 1247 0x000001f268ed5790 code [0x000001f268ed5920, 0x000001f268ed59d8]
Event: 13.664 Thread 0x000001f2705044b0 1248       1       java.util.Arrays::equals (43 bytes)
Event: 13.664 Thread 0x000001f2705044b0 nmethod 1248 0x000001f268ed5a90 code [0x000001f268ed5c40, 0x000001f268ed5dc8]
Event: 13.664 Thread 0x000001f2705044b0 1249       1       java.lang.invoke.LambdaFormEditor$TransformKey::<init> (15 bytes)
Event: 13.665 Thread 0x000001f2705044b0 nmethod 1249 0x000001f268ed5e90 code [0x000001f268ed6020, 0x000001f268ed6118]
Event: 13.666 Thread 0x000001f2705044b0 1250       1       java.util.ArrayDeque::addFirst (51 bytes)
Event: 13.667 Thread 0x000001f2705044b0 nmethod 1250 0x000001f268ed6190 code [0x000001f268ed6340, 0x000001f268ed65b8]
Event: 13.670 Thread 0x000001f2705044b0 1251       1       java.lang.invoke.MethodHandleNatives::linkCallSite (66 bytes)
Event: 13.671 Thread 0x000001f2705044b0 nmethod 1251 0x000001f268ed6710 code [0x000001f268ed68c0, 0x000001f268ed6aa8]
Event: 13.671 Thread 0x000001f2705044b0 1252       1       java.lang.invoke.MethodHandleNatives::linkCallSiteImpl (44 bytes)
Event: 13.671 Thread 0x000001f2705044b0 nmethod 1252 0x000001f268ed6c10 code [0x000001f268ed6e00, 0x000001f268ed7238]
Event: 13.672 Thread 0x000001f2705044b0 1253   !   1       java.lang.invoke.CallSite::makeSite (91 bytes)
Event: 13.673 Thread 0x000001f2705044b0 nmethod 1253 0x000001f268ed7510 code [0x000001f268ed77a0, 0x000001f268ed7e78]
Event: 13.673 Thread 0x000001f2705044b0 1254   !   1       java.lang.invoke.BootstrapMethodInvoker::invoke (974 bytes)
Event: 13.681 Thread 0x000001f2705044b0 nmethod 1254 0x000001f268ed8810 code [0x000001f268ed8d60, 0x000001f268edaed8]
Event: 13.681 Thread 0x000001f2705044b0 1255       1       java.lang.invoke.MethodHandleNatives::staticArgumentsPulled (5 bytes)
Event: 13.682 Thread 0x000001f2705044b0 nmethod 1255 0x000001f268edd890 code [0x000001f268edda20, 0x000001f268eddaf8]
Event: 13.682 Thread 0x000001f2705044b0 1256       1       java.lang.invoke.Invokers::checkExactType (17 bytes)
Event: 13.682 Thread 0x000001f2705044b0 nmethod 1256 0x000001f268eddb90 code [0x000001f268eddd20, 0x000001f268edde08]
Event: 13.682 Thread 0x000001f2705044b0 1257       1       java.net.URLStreamHandler::parseURL (1201 bytes)

GC Heap History (6 events):
Event: 4.732 GC heap before
{Heap before GC invocations=0 (full 0):
 garbage-first heap   total 65536K, used 18432K [0x00000000c0000000, 0x0000000100000000)
  region size 1024K, 13 young (13312K), 0 survivors (0K)
 Metaspace       used 5233K, committed 5312K, reserved 1114112K
  class space    used 486K, committed 512K, reserved 1048576K
}
Event: 4.760 GC heap after
{Heap after GC invocations=1 (full 0):
 garbage-first heap   total 65536K, used 15045K [0x00000000c0000000, 0x0000000100000000)
  region size 1024K, 2 young (2048K), 2 survivors (2048K)
 Metaspace       used 5233K, committed 5312K, reserved 1114112K
  class space    used 486K, committed 512K, reserved 1048576K
}
Event: 9.531 GC heap before
{Heap before GC invocations=1 (full 0):
 garbage-first heap   total 65536K, used 21189K [0x00000000c0000000, 0x0000000100000000)
  region size 1024K, 9 young (9216K), 2 survivors (2048K)
 Metaspace       used 7654K, committed 7808K, reserved 1114112K
  class space    used 811K, committed 896K, reserved 1048576K
}
Event: 9.537 GC heap after
{Heap after GC invocations=2 (full 0):
 garbage-first heap   total 65536K, used 16120K [0x00000000c0000000, 0x0000000100000000)
  region size 1024K, 2 young (2048K), 2 survivors (2048K)
 Metaspace       used 7654K, committed 7808K, reserved 1114112K
  class space    used 811K, committed 896K, reserved 1048576K
}
Event: 10.831 GC heap before
{Heap before GC invocations=2 (full 0):
 garbage-first heap   total 65536K, used 29432K [0x00000000c0000000, 0x0000000100000000)
  region size 1024K, 15 young (15360K), 2 survivors (2048K)
 Metaspace       used 12881K, committed 13056K, reserved 1114112K
  class space    used 1594K, committed 1664K, reserved 1048576K
}
Event: 10.837 GC heap after
{Heap after GC invocations=3 (full 0):
 garbage-first heap   total 65536K, used 17463K [0x00000000c0000000, 0x0000000100000000)
  region size 1024K, 2 young (2048K), 2 survivors (2048K)
 Metaspace       used 12881K, committed 13056K, reserved 1114112K
  class space    used 1594K, committed 1664K, reserved 1048576K
}

Dll operation events (5 events):
Event: 0.051 Loaded shared library c:\Users\Edgar\.vscode\extensions\redhat.java-1.34.0-win32-x64\jre\17.0.12-win32-x86_64\bin\java.dll
Event: 0.952 Loaded shared library C:\Users\Edgar\.vscode\extensions\redhat.java-1.34.0-win32-x64\jre\17.0.12-win32-x86_64\bin\net.dll
Event: 0.979 Loaded shared library C:\Users\Edgar\.vscode\extensions\redhat.java-1.34.0-win32-x64\jre\17.0.12-win32-x86_64\bin\nio.dll
Event: 1.083 Loaded shared library C:\Users\Edgar\.vscode\extensions\redhat.java-1.34.0-win32-x64\jre\17.0.12-win32-x86_64\bin\zip.dll
Event: 7.038 Loaded shared library C:\Users\Edgar\.vscode\extensions\redhat.java-1.34.0-win32-x64\jre\17.0.12-win32-x86_64\bin\jimage.dll

Deoptimization events (0 events):
No events

Classes loaded (20 events):
Event: 11.173 Loading class java/util/AbstractList$RandomAccessSpliterator
Event: 11.332 Loading class java/util/AbstractList$RandomAccessSpliterator done
Event: 12.470 Loading class java/util/regex/Pattern$Dollar
Event: 12.470 Loading class java/util/regex/Pattern$Dollar done
Event: 12.471 Loading class java/util/regex/Pattern$Neg
Event: 12.471 Loading class java/util/regex/Pattern$Neg done
Event: 12.483 Loading class java/util/stream/StreamSpliterators$WrappingSpliterator
Event: 12.483 Loading class java/util/stream/StreamSpliterators$AbstractWrappingSpliterator
Event: 12.483 Loading class java/util/stream/StreamSpliterators$AbstractWrappingSpliterator done
Event: 12.483 Loading class java/util/stream/StreamSpliterators$WrappingSpliterator done
Event: 12.484 Loading class java/util/stream/StreamSpliterators
Event: 12.484 Loading class java/util/stream/StreamSpliterators done
Event: 12.484 Loading class java/util/function/BooleanSupplier
Event: 12.484 Loading class java/util/function/BooleanSupplier done
Event: 13.119 Loading class java/util/regex/Matcher
Event: 13.660 Loading class java/util/regex/MatchResult
Event: 13.660 Loading class java/util/regex/MatchResult done
Event: 13.660 Loading class java/util/regex/Matcher done
Event: 13.660 Loading class java/util/regex/IntHashSet
Event: 13.660 Loading class java/util/regex/IntHashSet done

Classes unloaded (0 events):
No events

Classes redefined (0 events):
No events

Internal exceptions (20 events):
Event: 9.725 Thread 0x000001f265f5cf30 Exception <a 'java/lang/NoSuchMethodError'{0x00000000c3ec9cf0}: 'int java.lang.invoke.DirectMethodHandle$Holder.invokeSpecial(java.lang.Object, java.lang.Object, java.lang.Object)'> (0x00000000c3ec9cf0) 
thrown [s\src\hotspot\share\interpreter\linkResolver.cpp, line 759]
Event: 9.787 Thread 0x000001f265f5cf30 Exception <a 'java/lang/NoSuchMethodError'{0x00000000c3d88658}: 'java.lang.Object java.lang.invoke.DirectMethodHandle$Holder.invokeStaticInit(java.lang.Object, java.lang.Object, java.lang.Object)'> (0x00000000c3d88658) 
thrown [s\src\hotspot\share\interpreter\linkResolver.cpp, line 759]
Event: 10.407 Thread 0x000001f265f5cf30 Exception <a 'java/lang/NoSuchMethodError'{0x00000000c3568e00}: 'int java.lang.invoke.DirectMethodHandle$Holder.invokeStaticInit(java.lang.Object, java.lang.Object)'> (0x00000000c3568e00) 
thrown [s\src\hotspot\share\interpreter\linkResolver.cpp, line 759]
Event: 10.416 Thread 0x000001f265f5cf30 Exception <a 'java/lang/NoSuchMethodError'{0x00000000c357ddc0}: 'void java.lang.invoke.DirectMethodHandle$Holder.invokeInterface(java.lang.Object, java.lang.Object, java.lang.Object, java.lang.Object)'> (0x00000000c357ddc0) 
thrown [s\src\hotspot\share\interpreter\linkResolver.cpp, line 759]
Event: 10.582 Thread 0x000001f265f5cf30 Exception <a 'java/lang/NoSuchMethodError'{0x00000000c331c2a8}: 'java.lang.Object java.lang.invoke.DirectMethodHandle$Holder.invokeInterface(java.lang.Object, java.lang.Object)'> (0x00000000c331c2a8) 
thrown [s\src\hotspot\share\interpreter\linkResolver.cpp, line 759]
Event: 10.604 Thread 0x000001f265f5cf30 Exception <a 'java/lang/NoSuchMethodError'{0x00000000c3363918}: 'java.lang.Object java.lang.invoke.DirectMethodHandle$Holder.invokeSpecialIFC(java.lang.Object, java.lang.Object, java.lang.Object, java.lang.Object)'> (0x00000000c3363918) 
thrown [s\src\hotspot\share\interpreter\linkResolver.cpp, line 759]
Event: 10.615 Thread 0x000001f265f5cf30 Exception <a 'java/lang/NoSuchMethodError'{0x00000000c337f468}: 'java.lang.Object java.lang.invoke.DirectMethodHandle$Holder.invokeInterface(java.lang.Object, java.lang.Object, java.lang.Object)'> (0x00000000c337f468) 
thrown [s\src\hotspot\share\interpreter\linkResolver.cpp, line 759]
Event: 10.672 Thread 0x000001f265f5cf30 Exception <a 'java/lang/NoSuchMethodError'{0x00000000c3247010}: 'int java.lang.invoke.DirectMethodHandle$Holder.invokeStaticInit(java.lang.Object, java.lang.Object, java.lang.Object)'> (0x00000000c3247010) 
thrown [s\src\hotspot\share\interpreter\linkResolver.cpp, line 759]
Event: 10.695 Thread 0x000001f265f5cf30 Exception <a 'java/lang/NoSuchMethodError'{0x00000000c3297760}: 'java.lang.Object java.lang.invoke.DirectMethodHandle$Holder.newInvokeSpecial(java.lang.Object, java.lang.Object, java.lang.Object, java.lang.Object, java.lang.Object)'> (0x00000000c3297760) 
thrown [s\src\hotspot\share\interpreter\linkResolver.cpp, line 759]
Event: 10.771 Thread 0x000001f265f5cf30 Exception <a 'java/lang/IncompatibleClassChangeError'{0x00000000c314bfc0}: Found class java.lang.Object, but interface was expected> (0x00000000c314bfc0) 
thrown [s\src\hotspot\share\interpreter\linkResolver.cpp, line 826]
Event: 11.049 Thread 0x000001f265f5cf30 Exception <a 'java/lang/NoSuchMethodError'{0x00000000c3dc58a8}: 'int java.lang.invoke.DirectMethodHandle$Holder.invokeSpecial(java.lang.Object, java.lang.Object, java.lang.Object, java.lang.Object)'> (0x00000000c3dc58a8) 
thrown [s\src\hotspot\share\interpreter\linkResolver.cpp, line 759]
Event: 11.171 Thread 0x000001f265f5cf30 Exception <a 'java/lang/NoSuchMethodError'{0x00000000c3b32aa0}: 'java.lang.Object java.lang.invoke.DirectMethodHandle$Holder.newInvokeSpecial(java.lang.Object, java.lang.Object, java.lang.Object, java.lang.Object, java.lang.Object, java.lang.Object, java.lang.Object)'> (0x00000000c3b32aa0) 
thrown [s\src\hotspot\share\interpreter\linkResolver.cpp, line 759]
Event: 11.172 Thread 0x000001f265f5cf30 Exception <a 'java/lang/NoSuchMethodError'{0x00000000c3b373b0}: 'java.lang.Object java.lang.invoke.Invokers$Holder.linkToTargetMethod(java.lang.Object, java.lang.Object, java.lang.Object, java.lang.Object, java.lang.Object, java.lang.Object, java.lang.Object)'> (0x00000000c3b373b0) 
thrown [s\src\hotspot\share\interpreter\linkResolver.cpp, line 759]
Event: 11.498 Thread 0x000001f265f5cf30 Exception <a 'java/lang/NoSuchMethodError'{0x00000000c3b52c10}: 'void java.lang.invoke.DirectMethodHandle$Holder.invokeStatic(java.lang.Object, java.lang.Object)'> (0x00000000c3b52c10) 
thrown [s\src\hotspot\share\interpreter\linkResolver.cpp, line 759]
Event: 11.498 Thread 0x000001f265f5cf30 Exception <a 'java/lang/NoSuchMethodError'{0x00000000c3b56410}: 'void java.lang.invoke.DirectMethodHandle$Holder.invokeStaticInit(java.lang.Object, java.lang.Object)'> (0x00000000c3b56410) 
thrown [s\src\hotspot\share\interpreter\linkResolver.cpp, line 759]
Event: 11.937 Thread 0x000001f265f5cf30 Exception <a 'java/lang/NoSuchMethodError'{0x00000000c3b9d0c8}: 'int java.lang.invoke.DirectMethodHandle$Holder.invokeStatic(java.lang.Object, java.lang.Object, java.lang.Object, java.lang.Object)'> (0x00000000c3b9d0c8) 
thrown [s\src\hotspot\share\interpreter\linkResolver.cpp, line 759]
Event: 11.938 Thread 0x000001f265f5cf30 Exception <a 'java/lang/NoSuchMethodError'{0x00000000c3ba0a48}: 'java.lang.Object java.lang.invoke.Invokers$Holder.invokeExact_MT(java.lang.Object, java.lang.Object, java.lang.Object, java.lang.Object, java.lang.Object, java.lang.Object)'> (0x00000000c3ba0a48) 
thrown [s\src\hotspot\share\interpreter\linkResolver.cpp, line 759]
Event: 12.485 Thread 0x000001f265f5cf30 Exception <a 'java/lang/NoSuchMethodError'{0x00000000c3a008d0}: 'java.lang.Object java.lang.invoke.DirectMethodHandle$Holder.invokeSpecial(java.lang.Object, java.lang.Object, java.lang.Object, java.lang.Object, java.lang.Object, java.lang.Object, int)'> (0x00000000c3a008d0) 
thrown [s\src\hotspot\share\interpreter\linkResolver.cpp, line 759]
Event: 12.486 Thread 0x000001f265f5cf30 Exception <a 'java/lang/NoSuchMethodError'{0x00000000c3a0ae38}: 'java.lang.Object java.lang.invoke.DirectMethodHandle$Holder.newInvokeSpecial(java.lang.Object, java.lang.Object, java.lang.Object, java.lang.Object, java.lang.Object, java.lang.Object, int)'> (0x00000000c3a0ae38) 
thrown [s\src\hotspot\share\interpreter\linkResolver.cpp, line 759]
Event: 12.487 Thread 0x000001f265f5cf30 Exception <a 'java/lang/NoSuchMethodError'{0x00000000c3a0fe78}: 'java.lang.Object java.lang.invoke.DirectMethodHandle$Holder.invokeSpecial(java.lang.Object, java.lang.Object, java.lang.Object, java.lang.Object, java.lang.Object, java.lang.Object, java.lang.Object, int)'> (0x00000000c3a0fe78) 
thrown [s\src\hotspot\share\interpreter\linkResolver.cpp, line 759]

VM Operations (20 events):
Event: 9.160 Executing VM operation: Cleanup
Event: 9.177 Executing VM operation: Cleanup done
Event: 9.531 Executing VM operation: G1CollectForAllocation
Event: 9.537 Executing VM operation: G1CollectForAllocation done
Event: 10.047 Executing VM operation: HandshakeAllThreads
Event: 10.047 Executing VM operation: HandshakeAllThreads done
Event: 10.083 Executing VM operation: HandshakeAllThreads
Event: 10.083 Executing VM operation: HandshakeAllThreads done
Event: 10.248 Executing VM operation: HandshakeAllThreads
Event: 10.248 Executing VM operation: HandshakeAllThreads done
Event: 10.799 Executing VM operation: HandshakeAllThreads
Event: 10.799 Executing VM operation: HandshakeAllThreads done
Event: 10.799 Executing VM operation: Cleanup
Event: 10.800 Executing VM operation: Cleanup done
Event: 10.831 Executing VM operation: G1CollectForAllocation
Event: 10.837 Executing VM operation: G1CollectForAllocation done
Event: 11.846 Executing VM operation: Cleanup
Event: 11.846 Executing VM operation: Cleanup done
Event: 12.859 Executing VM operation: Cleanup
Event: 12.859 Executing VM operation: Cleanup done

Events (11 events):
Event: 0.696 Thread 0x000001f265f5cf30 Thread added: 0x000001f265f5cf30
Event: 0.717 Thread 0x000001f2704aa390 Thread added: 0x000001f2704aa390
Event: 0.717 Thread 0x000001f2704abe40 Thread added: 0x000001f2704abe40
Event: 0.774 Thread 0x000001f2704dc810 Thread added: 0x000001f2704dc810
Event: 0.774 Thread 0x000001f2704dd2e0 Thread added: 0x000001f2704dd2e0
Event: 0.774 Thread 0x000001f270503130 Thread added: 0x000001f270503130
Event: 0.774 Thread 0x000001f270503af0 Thread added: 0x000001f270503af0
Event: 0.775 Thread 0x000001f2705044b0 Thread added: 0x000001f2705044b0
Event: 0.775 Thread 0x000001f270507df0 Thread added: 0x000001f270507df0
Event: 0.932 Thread 0x000001f270763170 Thread added: 0x000001f270763170
Event: 0.938 Thread 0x000001f270776c90 Thread added: 0x000001f270776c90


Dynamic libraries:
0x00007ff7ec940000 - 0x00007ff7ec94e000 	c:\Users\Edgar\.vscode\extensions\redhat.java-1.34.0-win32-x64\jre\17.0.12-win32-x86_64\bin\java.exe
0x00007ff89d890000 - 0x00007ff89da88000 	C:\Windows\SYSTEM32\ntdll.dll
0x00007ff89cc80000 - 0x00007ff89cd41000 	C:\Windows\System32\KERNEL32.DLL
0x00007ff89b410000 - 0x00007ff89b70d000 	C:\Windows\System32\KERNELBASE.dll
0x00007ff89afb0000 - 0x00007ff89b0b0000 	C:\Windows\System32\ucrtbase.dll
0x00007ff88bfc0000 - 0x00007ff88bfd7000 	c:\Users\Edgar\.vscode\extensions\redhat.java-1.34.0-win32-x64\jre\17.0.12-win32-x86_64\bin\jli.dll
0x00007ff88bc90000 - 0x00007ff88bcab000 	c:\Users\Edgar\.vscode\extensions\redhat.java-1.34.0-win32-x64\jre\17.0.12-win32-x86_64\bin\VCRUNTIME140.dll
0x00007ff89cd50000 - 0x00007ff89ceed000 	C:\Windows\System32\USER32.dll
0x00007ff89b710000 - 0x00007ff89b732000 	C:\Windows\System32\win32u.dll
0x00007ff89d2a0000 - 0x00007ff89d2cb000 	C:\Windows\System32\GDI32.dll
0x00007ff89b2c0000 - 0x00007ff89b3d7000 	C:\Windows\System32\gdi32full.dll
0x00007ff89b740000 - 0x00007ff89b7dd000 	C:\Windows\System32\msvcp_win.dll
0x00007ff895490000 - 0x00007ff89572a000 	C:\Windows\WinSxS\amd64_microsoft.windows.common-controls_6595b64144ccf1df_6.0.19041.4355_none_60b8b9eb71f62e16\COMCTL32.dll
0x00007ff89bc40000 - 0x00007ff89bcde000 	C:\Windows\System32\msvcrt.dll
0x00007ff89d820000 - 0x00007ff89d84f000 	C:\Windows\System32\IMM32.DLL
0x00007ff891db0000 - 0x00007ff891dbc000 	c:\Users\Edgar\.vscode\extensions\redhat.java-1.34.0-win32-x64\jre\17.0.12-win32-x86_64\bin\vcruntime140_1.dll
0x00007ff86d450000 - 0x00007ff86d4dd000 	c:\Users\Edgar\.vscode\extensions\redhat.java-1.34.0-win32-x64\jre\17.0.12-win32-x86_64\bin\msvcp140.dll
0x00007ff84fae0000 - 0x00007ff85074a000 	c:\Users\Edgar\.vscode\extensions\redhat.java-1.34.0-win32-x64\jre\17.0.12-win32-x86_64\bin\server\jvm.dll
0x00007ff89d020000 - 0x00007ff89d0d0000 	C:\Windows\System32\ADVAPI32.dll
0x00007ff89d0d0000 - 0x00007ff89d170000 	C:\Windows\System32\sechost.dll
0x00007ff89d170000 - 0x00007ff89d293000 	C:\Windows\System32\RPCRT4.dll
0x00007ff89b3e0000 - 0x00007ff89b407000 	C:\Windows\System32\bcrypt.dll
0x00007ff89caa0000 - 0x00007ff89cb0b000 	C:\Windows\System32\WS2_32.dll
0x00007ff88af10000 - 0x00007ff88af37000 	C:\Windows\SYSTEM32\WINMM.dll
0x00007ff8902f0000 - 0x00007ff8902fa000 	C:\Windows\SYSTEM32\VERSION.dll
0x00007ff89ada0000 - 0x00007ff89adeb000 	C:\Windows\SYSTEM32\POWRPROF.dll
0x00007ff89ad80000 - 0x00007ff89ad92000 	C:\Windows\SYSTEM32\UMPDC.dll
0x00007ff898dc0000 - 0x00007ff898dd2000 	C:\Windows\SYSTEM32\kernel.appcore.dll
0x00007ff891a80000 - 0x00007ff891a8a000 	c:\Users\Edgar\.vscode\extensions\redhat.java-1.34.0-win32-x64\jre\17.0.12-win32-x86_64\bin\jimage.dll
0x00007ff8933f0000 - 0x00007ff8935d4000 	C:\Windows\SYSTEM32\DBGHELP.DLL
0x00007ff893010000 - 0x00007ff893044000 	C:\Windows\SYSTEM32\dbgcore.DLL
0x00007ff89b830000 - 0x00007ff89b8b2000 	C:\Windows\System32\bcryptPrimitives.dll
0x00007ff88af40000 - 0x00007ff88af65000 	c:\Users\Edgar\.vscode\extensions\redhat.java-1.34.0-win32-x64\jre\17.0.12-win32-x86_64\bin\java.dll
0x00007ff88b900000 - 0x00007ff88b918000 	c:\Users\Edgar\.vscode\extensions\redhat.java-1.34.0-win32-x64\jre\17.0.12-win32-x86_64\bin\zip.dll
0x00007ff89bee0000 - 0x00007ff89c64f000 	C:\Windows\System32\SHELL32.dll
0x00007ff898fc0000 - 0x00007ff899763000 	C:\Windows\SYSTEM32\windows.storage.dll
0x00007ff89c740000 - 0x00007ff89ca93000 	C:\Windows\System32\combase.dll
0x00007ff89a8a0000 - 0x00007ff89a8ce000 	C:\Windows\SYSTEM32\Wldp.dll
0x00007ff89bce0000 - 0x00007ff89bdad000 	C:\Windows\System32\OLEAUT32.dll
0x00007ff89b8c0000 - 0x00007ff89b96d000 	C:\Windows\System32\SHCORE.dll
0x00007ff89c670000 - 0x00007ff89c6c5000 	C:\Windows\System32\shlwapi.dll
0x00007ff89ae70000 - 0x00007ff89ae94000 	C:\Windows\SYSTEM32\profapi.dll
0x00007ff88bc10000 - 0x00007ff88bc29000 	C:\Users\Edgar\.vscode\extensions\redhat.java-1.34.0-win32-x64\jre\17.0.12-win32-x86_64\bin\net.dll
0x00007ff8932e0000 - 0x00007ff8933ed000 	C:\Windows\SYSTEM32\WINHTTP.dll
0x00007ff89a600000 - 0x00007ff89a66a000 	C:\Windows\system32\mswsock.dll
0x00007ff88b8a0000 - 0x00007ff88b8b6000 	C:\Users\Edgar\.vscode\extensions\redhat.java-1.34.0-win32-x64\jre\17.0.12-win32-x86_64\bin\nio.dll

dbghelp: loaded successfully - version: 4.0.5 - missing functions: none
symbol engine: initialized successfully - sym options: 0x614 - pdb path: .;c:\Users\Edgar\.vscode\extensions\redhat.java-1.34.0-win32-x64\jre\17.0.12-win32-x86_64\bin;C:\Windows\SYSTEM32;C:\Windows\WinSxS\amd64_microsoft.windows.common-controls_6595b64144ccf1df_6.0.19041.4355_none_60b8b9eb71f62e16;c:\Users\Edgar\.vscode\extensions\redhat.java-1.34.0-win32-x64\jre\17.0.12-win32-x86_64\bin\server

VM Arguments:
jvm_args: -Xmx1024m -Dsts.lsp.client=vscode -Dsts.log.file=/dev/null -XX:TieredStopAtLevel=1 -Xlog:jni+resolve=off 
java_command: c:\Users\Edgar\.vscode\extensions\vmware.vscode-spring-boot-1.57.0\language-server\spring-boot-language-server-1.57.0-SNAPSHOT-exec.jar
java_class_path (initial): c:\Users\Edgar\.vscode\extensions\vmware.vscode-spring-boot-1.57.0\language-server\spring-boot-language-server-1.57.0-SNAPSHOT-exec.jar
Launcher Type: SUN_STANDARD

[Global flags]
     intx CICompilerCount                          = 3                                         {product} {ergonomic}
     uint ConcGCThreads                            = 1                                         {product} {ergonomic}
     uint G1ConcRefinementThreads                  = 4                                         {product} {ergonomic}
   size_t G1HeapRegionSize                         = 1048576                                   {product} {ergonomic}
    uintx GCDrainStackTargetSize                   = 64                                        {product} {ergonomic}
   size_t InitialHeapSize                          = 67108864                                  {product} {ergonomic}
   size_t MarkStackSize                            = 4194304                                   {product} {ergonomic}
   size_t MaxHeapSize                              = 1073741824                                {product} {command line}
   size_t MaxNewSize                               = 643825664                                 {product} {ergonomic}
   size_t MinHeapDeltaBytes                        = 1048576                                   {product} {ergonomic}
   size_t MinHeapSize                              = 8388608                                   {product} {ergonomic}
    uintx NonProfiledCodeHeapSize                  = 0                                      {pd product} {ergonomic}
     bool ProfileInterpreter                       = false                                  {pd product} {command line}
    uintx ProfiledCodeHeapSize                     = 0                                      {pd product} {ergonomic}
   size_t SoftMaxHeapSize                          = 1073741824                             {manageable} {ergonomic}
     intx TieredStopAtLevel                        = 1                                         {product} {command line}
     bool UseCompressedClassPointers               = true                           {product lp64_product} {ergonomic}
     bool UseCompressedOops                        = true                           {product lp64_product} {ergonomic}
     bool UseG1GC                                  = true                                      {product} {ergonomic}
     bool UseLargePagesIndividualAllocation        = false                                  {pd product} {ergonomic}

Logging:
Log output configuration:
 #0: stdout all=warning,jni+resolve=off uptime,level,tags
 #1: stderr all=off uptime,level,tags

Environment Variables:
JAVA_HOME=C:\Program Files\Java\jdk-11
PATH=C:\Program Files\Common Files\Oracle\Java\javapath;C:\Windows\system32;C:\Windows;C:\Windows\System32\Wbem;C:\Windows\System32\WindowsPowerShell\v1.0\;C:\Windows\System32\OpenSSH\;%JAVA_HOME%\bin;C:\Program Files\Git\cmd;C:\Program Files\Git\mingw64\bin;C:\Program Files\Git\usr\bin;C:\Program Files\nodejs\;C:\Users\Edgar\AppData\Local\Programs\Python\Python312\Scripts\;C:\Users\Edgar\AppData\Local\Programs\Python\Python312\;C:\Users\Edgar\AppData\Local\Programs\Python\Launcher\;C:\Users\Edgar\AppData\Local\Microsoft\WindowsApps;C:\Users\Edgar\AppData\Local\Programs\Microsoft VS Code\bin;C:\Users\Edgar\Desktop\Spring\jdk-17.0.2\bin;C:\sqlite;C:\Users\Edgar\AppData\Roaming\npm
USERNAME=Edgar
OS=Windows_NT
PROCESSOR_IDENTIFIER=Intel64 Family 6 Model 61 Stepping 4, GenuineIntel
TMP=C:\Users\Edgar\AppData\Local\Temp
TEMP=C:\Users\Edgar\AppData\Local\Temp



Periodic native trim disabled


---------------  S Y S T E M  ---------------

OS:
 Windows 10 , 64 bit Build 19041 (10.0.19041.4842)
OS uptime: 7 days 0:27 hours

CPU: total 4 (initial active 4) (2 cores per cpu, 2 threads per core) family 6 model 61 stepping 4 microcode 0x2f, cx8, cmov, fxsr, ht, mmx, 3dnowpref, sse, sse2, sse3, ssse3, sse4.1, sse4.2, popcnt, lzcnt, tsc, tscinvbit, avx, avx2, aes, erms, clmul, bmi1, bmi2, adx, fma, vzeroupper, clflush
Processor Information for all 4 processors :
  Max Mhz: 2201, Current Mhz: 2201, Mhz Limit: 2201

Memory: 4k page, system-wide physical 4011M (156M free)
TotalPageFile size 16299M (AvailPageFile size 0M)
current process WorkingSet (physical memory assigned to process): 81M, peak: 81M
current process commit charge ("private bytes"): 147M, peak: 147M

vm_info: OpenJDK 64-Bit Server VM (17.0.12+7) for windows-amd64 JRE (17.0.12+7), built on Jul 16 2024 22:08:24 by "admin" with MS VC++ 16.10 / 16.11 (VS2019)

END.
