#
# There is insufficient memory for the Java Runtime Environment to continue.
# Native memory allocation (mmap) failed to map 67108864 bytes. Error detail: G1 virtual space
# Possible reasons:
#   The system is out of physical RAM or swap space
#   This process is running with CompressedOops enabled, and the Java Heap may be blocking the growth of the native heap
# Possible solutions:
#   Reduce memory load on the system
#   Increase physical memory or swap space
#   Check if swap backing store is full
#   Decrease Java heap size (-Xmx/-Xms)
#   Decrease number of Java threads
#   Decrease Java thread stack sizes (-Xss)
#   Set larger code cache with -XX:ReservedCodeCacheSize=
#   JVM is running with Unscaled Compressed Oops mode in which the Java heap is
#     placed in the first 4GB address space. The Java Heap base address is the
#     maximum limit for the native heap growth. Please use -XX:HeapBaseMinAddress
#     to set the Java Heap base and to place the Java Heap above 4GB virtual address.
# This output file may be truncated or incomplete.
#
#  Out of Memory Error (os_windows.cpp:3613), pid=12324, tid=13236
#
# JRE version:  (17.0.12+7) (build )
# Java VM: OpenJDK 64-Bit Server VM (17.0.12+7, mixed mode, emulated-client, sharing, tiered, compressed oops, compressed class ptrs, g1 gc, windows-amd64)
# No core dump will be written. Minidumps are not enabled by default on client versions of Windows
#

---------------  S U M M A R Y ------------

Command Line: -Xmx1024m -Dsts.lsp.client=vscode -Dsts.log.file=/dev/null -XX:TieredStopAtLevel=1 -Xlog:jni+resolve=off c:\Users\Edgar\.vscode\extensions\vmware.vscode-spring-boot-1.57.0\language-server\spring-boot-language-server-1.57.0-SNAPSHOT-exec.jar

Host: Intel(R) Core(TM) i5-5200U CPU @ 2.20GHz, 4 cores, 3G,  Windows 10 , 64 bit Build 19041 (10.0.19041.4842)
Time: Thu Sep 19 08:16:47 2024 Hora est. Pacífico, Sudamérica elapsed time: 0.043192 seconds (0d 0h 0m 0s)

---------------  T H R E A D  ---------------

Current thread (0x000002309f7ca390):  JavaThread "Unknown thread" [_thread_in_vm, id=13236, stack(0x0000007458000000,0x0000007458100000)]

Stack: [0x0000007458000000,0x0000007458100000]
Native frames: (J=compiled Java code, j=interpreted, Vv=VM code, C=native code)
V  [jvm.dll+0x67f929]
V  [jvm.dll+0x8371ba]
V  [jvm.dll+0x838c7e]
V  [jvm.dll+0x8392e3]
V  [jvm.dll+0x24834f]
V  [jvm.dll+0x67c6e9]
V  [jvm.dll+0x6711aa]
V  [jvm.dll+0x307f7b]
V  [jvm.dll+0x30f476]
V  [jvm.dll+0x35f63e]
V  [jvm.dll+0x35f87f]
V  [jvm.dll+0x2def9c]
V  [jvm.dll+0x2dfef4]
V  [jvm.dll+0x808a4b]
V  [jvm.dll+0x36d3b1]
V  [jvm.dll+0x7e7425]
V  [jvm.dll+0x3f0edf]
V  [jvm.dll+0x3f2a31]
C  [jli.dll+0x528f]
C  [ucrtbase.dll+0x21bb2]
C  [KERNEL32.DLL+0x17374]
C  [ntdll.dll+0x4cc91]


---------------  P R O C E S S  ---------------

Threads class SMR info:
_java_thread_list=0x00007ff850616f18, length=0, elements={
}

Java Threads: ( => current thread )

Other Threads:
  0x000002309f807fa0 GCTaskThread "GC Thread#0" [stack: 0x0000007458100000,0x0000007458200000] [id=6852]
  0x000002309f810e00 ConcurrentGCThread "G1 Main Marker" [stack: 0x0000007458200000,0x0000007458300000] [id=15484]
  0x000002309f811730 ConcurrentGCThread "G1 Conc#0" [stack: 0x0000007458300000,0x0000007458400000] [id=17928]

[error occurred during error reporting (printing all threads), id 0xc0000005, EXCEPTION_ACCESS_VIOLATION (0xc0000005) at pc=0x00007ff84fdcf697]

VM state: not at safepoint (not fully initialized)

VM Mutex/Monitor currently owned by a thread:  ([mutex/lock_event])
[0x000002309f7c5d60] Heap_lock - owner thread: 0x000002309f7ca390

Heap address: 0x00000000c0000000, size: 1024 MB, Compressed Oops mode: 32-bit

CDS archive(s) mapped at: [0x0000000000000000-0x0000000000000000-0x0000000000000000), size 0, SharedBaseAddress: 0x0000000800000000, ArchiveRelocationMode: 1.
Narrow klass base: 0x0000000000000000, Narrow klass shift: 0, Narrow klass range: 0x0

GC Precious Log:
<Empty>

Heap:
 garbage-first heap   total 0K, used 0K [0x00000000c0000000, 0x0000000100000000)
  region size 1024K, 0 young (0K), 0 survivors (0K)

[error occurred during error reporting (printing heap information), id 0xc0000005, EXCEPTION_ACCESS_VIOLATION (0xc0000005) at pc=0x00007ff8501b8bf9]

GC Heap History (0 events):
No events

Dll operation events (1 events):
Event: 0.019 Loaded shared library c:\Users\Edgar\.vscode\extensions\redhat.java-1.34.0-win32-x64\jre\17.0.12-win32-x86_64\bin\java.dll

Deoptimization events (0 events):
No events

Classes loaded (0 events):
No events

Classes unloaded (0 events):
No events

Classes redefined (0 events):
No events

Internal exceptions (0 events):
No events

VM Operations (0 events):
No events

Events (0 events):
No events


Dynamic libraries:
0x00007ff7ec940000 - 0x00007ff7ec94e000 	c:\Users\Edgar\.vscode\extensions\redhat.java-1.34.0-win32-x64\jre\17.0.12-win32-x86_64\bin\java.exe
0x00007ff89d890000 - 0x00007ff89da88000 	C:\Windows\SYSTEM32\ntdll.dll
0x00007ff89cc80000 - 0x00007ff89cd41000 	C:\Windows\System32\KERNEL32.DLL
0x00007ff89b410000 - 0x00007ff89b70d000 	C:\Windows\System32\KERNELBASE.dll
0x00007ff88bfc0000 - 0x00007ff88bfd7000 	c:\Users\Edgar\.vscode\extensions\redhat.java-1.34.0-win32-x64\jre\17.0.12-win32-x86_64\bin\jli.dll
0x00007ff89cd50000 - 0x00007ff89ceed000 	C:\Windows\System32\USER32.dll
0x00007ff89b710000 - 0x00007ff89b732000 	C:\Windows\System32\win32u.dll
0x00007ff89afb0000 - 0x00007ff89b0b0000 	C:\Windows\System32\ucrtbase.dll
0x00007ff89d2a0000 - 0x00007ff89d2cb000 	C:\Windows\System32\GDI32.dll
0x00007ff89b2c0000 - 0x00007ff89b3d7000 	C:\Windows\System32\gdi32full.dll
0x00007ff88bc90000 - 0x00007ff88bcab000 	c:\Users\Edgar\.vscode\extensions\redhat.java-1.34.0-win32-x64\jre\17.0.12-win32-x86_64\bin\VCRUNTIME140.dll
0x00007ff89b740000 - 0x00007ff89b7dd000 	C:\Windows\System32\msvcp_win.dll
0x00007ff895490000 - 0x00007ff89572a000 	C:\Windows\WinSxS\amd64_microsoft.windows.common-controls_6595b64144ccf1df_6.0.19041.4355_none_60b8b9eb71f62e16\COMCTL32.dll
0x00007ff89bc40000 - 0x00007ff89bcde000 	C:\Windows\System32\msvcrt.dll
0x00007ff89d820000 - 0x00007ff89d84f000 	C:\Windows\System32\IMM32.DLL
0x00007ff891db0000 - 0x00007ff891dbc000 	c:\Users\Edgar\.vscode\extensions\redhat.java-1.34.0-win32-x64\jre\17.0.12-win32-x86_64\bin\vcruntime140_1.dll
0x00007ff86d450000 - 0x00007ff86d4dd000 	c:\Users\Edgar\.vscode\extensions\redhat.java-1.34.0-win32-x64\jre\17.0.12-win32-x86_64\bin\msvcp140.dll
0x00007ff84fae0000 - 0x00007ff85074a000 	c:\Users\Edgar\.vscode\extensions\redhat.java-1.34.0-win32-x64\jre\17.0.12-win32-x86_64\bin\server\jvm.dll
0x00007ff89d020000 - 0x00007ff89d0d0000 	C:\Windows\System32\ADVAPI32.dll
0x00007ff89d0d0000 - 0x00007ff89d170000 	C:\Windows\System32\sechost.dll
0x00007ff89d170000 - 0x00007ff89d293000 	C:\Windows\System32\RPCRT4.dll
0x00007ff89b3e0000 - 0x00007ff89b407000 	C:\Windows\System32\bcrypt.dll
0x00007ff89caa0000 - 0x00007ff89cb0b000 	C:\Windows\System32\WS2_32.dll
0x00007ff89ada0000 - 0x00007ff89adeb000 	C:\Windows\SYSTEM32\POWRPROF.dll
0x00007ff88af10000 - 0x00007ff88af37000 	C:\Windows\SYSTEM32\WINMM.dll
0x00007ff8902f0000 - 0x00007ff8902fa000 	C:\Windows\SYSTEM32\VERSION.dll
0x00007ff89ad80000 - 0x00007ff89ad92000 	C:\Windows\SYSTEM32\UMPDC.dll
0x00007ff898dc0000 - 0x00007ff898dd2000 	C:\Windows\SYSTEM32\kernel.appcore.dll
0x00007ff891a80000 - 0x00007ff891a8a000 	c:\Users\Edgar\.vscode\extensions\redhat.java-1.34.0-win32-x64\jre\17.0.12-win32-x86_64\bin\jimage.dll
0x00007ff8933f0000 - 0x00007ff8935d4000 	C:\Windows\SYSTEM32\DBGHELP.DLL
0x00007ff893010000 - 0x00007ff893044000 	C:\Windows\SYSTEM32\dbgcore.DLL
0x00007ff89b830000 - 0x00007ff89b8b2000 	C:\Windows\System32\bcryptPrimitives.dll
0x00007ff88af40000 - 0x00007ff88af65000 	c:\Users\Edgar\.vscode\extensions\redhat.java-1.34.0-win32-x64\jre\17.0.12-win32-x86_64\bin\java.dll

dbghelp: loaded successfully - version: 4.0.5 - missing functions: none
symbol engine: initialized successfully - sym options: 0x614 - pdb path: .;c:\Users\Edgar\.vscode\extensions\redhat.java-1.34.0-win32-x64\jre\17.0.12-win32-x86_64\bin;C:\Windows\SYSTEM32;C:\Windows\WinSxS\amd64_microsoft.windows.common-controls_6595b64144ccf1df_6.0.19041.4355_none_60b8b9eb71f62e16;c:\Users\Edgar\.vscode\extensions\redhat.java-1.34.0-win32-x64\jre\17.0.12-win32-x86_64\bin\server

VM Arguments:
jvm_args: -Xmx1024m -Dsts.lsp.client=vscode -Dsts.log.file=/dev/null -XX:TieredStopAtLevel=1 -Xlog:jni+resolve=off 
java_command: c:\Users\Edgar\.vscode\extensions\vmware.vscode-spring-boot-1.57.0\language-server\spring-boot-language-server-1.57.0-SNAPSHOT-exec.jar
java_class_path (initial): c:\Users\Edgar\.vscode\extensions\vmware.vscode-spring-boot-1.57.0\language-server\spring-boot-language-server-1.57.0-SNAPSHOT-exec.jar
Launcher Type: SUN_STANDARD

[Global flags]
     intx CICompilerCount                          = 3                                         {product} {ergonomic}
     uint ConcGCThreads                            = 1                                         {product} {ergonomic}
     uint G1ConcRefinementThreads                  = 4                                         {product} {ergonomic}
   size_t G1HeapRegionSize                         = 1048576                                   {product} {ergonomic}
    uintx GCDrainStackTargetSize                   = 64                                        {product} {ergonomic}
   size_t InitialHeapSize                          = 67108864                                  {product} {ergonomic}
   size_t MarkStackSize                            = 4194304                                   {product} {ergonomic}
   size_t MaxHeapSize                              = 1073741824                                {product} {command line}
   size_t MinHeapDeltaBytes                        = 1048576                                   {product} {ergonomic}
   size_t MinHeapSize                              = 8388608                                   {product} {ergonomic}
    uintx NonProfiledCodeHeapSize                  = 0                                      {pd product} {ergonomic}
     bool ProfileInterpreter                       = false                                  {pd product} {command line}
    uintx ProfiledCodeHeapSize                     = 0                                      {pd product} {ergonomic}
   size_t SoftMaxHeapSize                          = 1073741824                             {manageable} {ergonomic}
     intx TieredStopAtLevel                        = 1                                         {product} {command line}
     bool UseCompressedClassPointers               = true                           {product lp64_product} {ergonomic}
     bool UseCompressedOops                        = true                           {product lp64_product} {ergonomic}
     bool UseG1GC                                  = true                                      {product} {ergonomic}
     bool UseLargePagesIndividualAllocation        = false                                  {pd product} {ergonomic}

Logging:
Log output configuration:
 #0: stdout all=warning,jni+resolve=off uptime,level,tags (reconfigured)
 #1: stderr all=off uptime,level,tags

Environment Variables:
JAVA_HOME=C:\Program Files\Java\jdk-11
PATH=C:\Program Files\Common Files\Oracle\Java\javapath;C:\Windows\system32;C:\Windows;C:\Windows\System32\Wbem;C:\Windows\System32\WindowsPowerShell\v1.0\;C:\Windows\System32\OpenSSH\;%JAVA_HOME%\bin;C:\Program Files\Git\cmd;C:\Program Files\Git\mingw64\bin;C:\Program Files\Git\usr\bin;C:\Program Files\nodejs\;C:\Users\Edgar\AppData\Local\Programs\Python\Python312\Scripts\;C:\Users\Edgar\AppData\Local\Programs\Python\Python312\;C:\Users\Edgar\AppData\Local\Programs\Python\Launcher\;C:\Users\Edgar\AppData\Local\Microsoft\WindowsApps;C:\Users\Edgar\AppData\Local\Programs\Microsoft VS Code\bin;C:\Users\Edgar\Desktop\Spring\jdk-17.0.2\bin;C:\sqlite;C:\Users\Edgar\AppData\Roaming\npm
USERNAME=Edgar
OS=Windows_NT
PROCESSOR_IDENTIFIER=Intel64 Family 6 Model 61 Stepping 4, GenuineIntel
TMP=C:\Users\Edgar\AppData\Local\Temp
TEMP=C:\Users\Edgar\AppData\Local\Temp



Periodic native trim disabled


---------------  S Y S T E M  ---------------

OS:
 Windows 10 , 64 bit Build 19041 (10.0.19041.4842)
OS uptime: 7 days 0:27 hours

CPU: total 4 (initial active 4) (2 cores per cpu, 2 threads per core) family 6 model 61 stepping 4 microcode 0x2f, cx8, cmov, fxsr, ht, mmx, 3dnowpref, sse, sse2, sse3, ssse3, sse4.1, sse4.2, popcnt, lzcnt, tsc, tscinvbit, avx, avx2, aes, erms, clmul, bmi1, bmi2, adx, fma, vzeroupper, clflush
Processor Information for all 4 processors :
  Max Mhz: 2201, Current Mhz: 2201, Mhz Limit: 2201

Memory: 4k page, system-wide physical 4011M (159M free)
TotalPageFile size 16299M (AvailPageFile size 62M)
current process WorkingSet (physical memory assigned to process): 10M, peak: 10M
current process commit charge ("private bytes"): 46M, peak: 110M

vm_info: OpenJDK 64-Bit Server VM (17.0.12+7) for windows-amd64 JRE (17.0.12+7), built on Jul 16 2024 22:08:24 by "admin" with MS VC++ 16.10 / 16.11 (VS2019)

END.
